app/build/intermediates/manifest_merge_blame_file/debug/manifest-merger-blame-debug-report.txt
1<?xml version="1.0" encoding="utf-8"?>
2<manifest xmlns:android="http://schemas.android.com/apk/res/android"
3    package="com.example.recyclerviewjusto"
4    android:versionCode="1"
5    android:versionName="1.0" >
6
7    <uses-sdk
8        android:minSdkVersion="15"
8-->src/main/AndroidManifest.xml
9        android:targetSdkVersion="29" />
9-->src/main/AndroidManifest.xml
10
11    <application
11-->src/main/AndroidManifest.xml:5:5-23:19
12        android:allowBackup="true"
12-->src/main/AndroidManifest.xml:6:9-35
13        android:appComponentFactory="androidx.core.app.CoreComponentFactory"
13-->[androidx.core:core:1.1.0] AndroidManifest.xml:24:18-86
14        android:debuggable="true"
15        android:icon="@mipmap/ic_launcher"
15-->src/main/AndroidManifest.xml:7:9-43
16        android:label="@string/app_name"
16-->src/main/AndroidManifest.xml:8:9-41
17        android:roundIcon="@mipmap/ic_launcher_round"
17-->src/main/AndroidManifest.xml:9:9-54
18        android:supportsRtl="true"
18-->src/main/AndroidManifest.xml:10:9-35
19        android:theme="@style/AppTheme" >
19-->src/main/AndroidManifest.xml:11:9-40
20        <activity
20-->src/main/AndroidManifest.xml:12:9-134
21            android:name="com.example.recyclerviewjusto.BorrarPokemon"
21-->src/main/AndroidManifest.xml:12:19-48
22            android:label="Borrar Pokémon"
22-->src/main/AndroidManifest.xml:12:92-122
23            android:parentActivityName="com.example.recyclerviewjusto.MainActivity" />
23-->src/main/AndroidManifest.xml:12:49-91
24        <activity
24-->src/main/AndroidManifest.xml:13:9-121
25            android:name="com.example.recyclerviewjusto.AddPokemon"
25-->src/main/AndroidManifest.xml:13:19-45
26            android:label="Añadir Pokémon"
26-->src/main/AndroidManifest.xml:13:89-119
27            android:parentActivityName="com.example.recyclerviewjusto.MainActivity" />
27-->src/main/AndroidManifest.xml:13:46-88
28        <activity
28-->src/main/AndroidManifest.xml:14:9-124
29            android:name="com.example.recyclerviewjusto.BuscarPokemon"
29-->src/main/AndroidManifest.xml:14:19-48
30            android:label="Buscar Pokémon"
30-->src/main/AndroidManifest.xml:14:92-122
31            android:parentActivityName="com.example.recyclerviewjusto.MainActivity" />
31-->src/main/AndroidManifest.xml:14:49-91
32        <activity
32-->src/main/AndroidManifest.xml:15:9-116
33            android:name="com.example.recyclerviewjusto.ListaPokemon"
33-->src/main/AndroidManifest.xml:15:19-47
34            android:label="Pokémon"
34-->src/main/AndroidManifest.xml:15:91-114
35            android:parentActivityName="com.example.recyclerviewjusto.MainActivity" />
35-->src/main/AndroidManifest.xml:15:48-90
36        <activity android:name="com.example.recyclerviewjusto.MainActivity" >
36-->src/main/AndroidManifest.xml:16:9-22:20
36-->src/main/AndroidManifest.xml:16:19-47
37            <intent-filter>
37-->src/main/AndroidManifest.xml:17:13-21:29
38                <action android:name="android.intent.action.MAIN" />
38-->src/main/AndroidManifest.xml:18:17-69
38-->src/main/AndroidManifest.xml:18:25-66
39
40                <category android:name="android.intent.category.LAUNCHER" />
40-->src/main/AndroidManifest.xml:20:17-77
40-->src/main/AndroidManifest.xml:20:27-74
41            </intent-filter>
42        </activity>
43
44        <service
44-->[androidx.room:room-runtime:2.2.1] AndroidManifest.xml:25:9-27:40
45            android:name="androidx.room.MultiInstanceInvalidationService"
45-->[androidx.room:room-runtime:2.2.1] AndroidManifest.xml:26:13-74
46            android:exported="false" />
46-->[androidx.room:room-runtime:2.2.1] AndroidManifest.xml:27:13-37
47
48        <provider
48-->[androidx.lifecycle:lifecycle-process:2.1.0] AndroidManifest.xml:23:9-27:43
49            android:name="androidx.lifecycle.ProcessLifecycleOwnerInitializer"
49-->[androidx.lifecycle:lifecycle-process:2.1.0] AndroidManifest.xml:24:13-79
50            android:authorities="com.example.recyclerviewjusto.lifecycle-process"
50-->[androidx.lifecycle:lifecycle-process:2.1.0] AndroidManifest.xml:25:13-69
51            android:exported="false"
51-->[androidx.lifecycle:lifecycle-process:2.1.0] AndroidManifest.xml:26:13-37
52            android:multiprocess="true" />
52-->[androidx.lifecycle:lifecycle-process:2.1.0] AndroidManifest.xml:27:13-40
53    </application>
54
55</manifest>